stdio    D         file_stdio.c:110  file_stdio_fopen                 [   0.00000] opening D:\Downloads\CSI2P-Final-Project-hopenoerror\CSI2P-Final-Project-Template\SourceCode\allegro5.cfg r
system   D            wsystem.c:874  _al_win_safe_load_library        [   0.00000] PathFindOnPath found: C:\WINDOWS\system32\shcore.dll
system   D            wsystem.c:780  load_library_at_path             [   0.00000] Calling LoadLibrary C:\WINDOWS\system32\shcore.dll
system   I            wsystem.c:783  load_library_at_path             [   0.00000] Loaded C:\WINDOWS\system32\shcore.dll
system   I             system.c:271  al_install_system                [   0.00000] Allegro version: 5.2.7
audio-dsound I           dsound.cpp:271  _dsound_open                     [   0.00024] Starting DirectSound...
audio-dsound D           dsound.cpp:280  _dsound_open                     [   0.03287] DirectSoundCreate8 succeeded
audio-dsound I           dsound.cpp:73   get_window                       [   0.03292] Using desktop window: 0000000000010010
audio    I              audio.c:347  do_install_audio                 [   0.03300] Using DirectSound driver
system   D            wsystem.c:874  _al_win_safe_load_library        [   0.03315] PathFindOnPath found: C:\WINDOWS\system32\d3d9.dll
system   D            wsystem.c:780  load_library_at_path             [   0.03317] Calling LoadLibrary C:\WINDOWS\system32\d3d9.dll
system   I            wsystem.c:783  load_library_at_path             [   0.03412] Loaded C:\WINDOWS\system32\d3d9.dll
d3d      I         d3d_disp.cpp:684  d3d_init_display                 [   0.04913] Render-to-texture: 1
d3d      I         d3d_disp.cpp:1782 d3d_create_display_locked        [   0.04956] faux_fullscreen=0
d3d      D         d3d_disp.cpp:1783 d3d_create_display_locked        [   0.04958] al_display=000000000125b460
d3d      D         d3d_disp.cpp:1784 d3d_create_display_locked        [   0.04959] al_display->vt=000000000125b2f0
d3d      I d3d_display_formats.cpp:144  _al_d3d_generate_display_format_list [   0.05061] found 64 format combinations
display  D   display_settings.c:212  debug_display_settings           [   0.05065] color: 32 (rgba 8880), depth: 0, stencil: 0, acc: 0000, samples: 0/0
display  D   display_settings.c:527  _al_score_display_settings       [   0.05067] Score is : 897
display  D   display_settings.c:212  debug_display_settings           [   0.05068] color: 32 (rgba 8880), depth: 0, stencil: 0, acc: 0000, samples: 0/0
display  D   display_settings.c:527  _al_score_display_settings       [   0.05069] Score is : 897
display  D   display_settings.c:212  debug_display_settings           [   0.05070] color: 32 (rgba 8880), depth: 24, stencil: 8, acc: 0000, samples: 0/0
display  D   display_settings.c:527  _al_score_display_settings       [   0.05072] Score is : 897
display  D   display_settings.c:212  debug_display_settings           [   0.05074] color: 32 (rgba 8880), depth: 24, stencil: 8, acc: 0000, samples: 0/0
display  D   display_settings.c:527  _al_score_display_settings       [   0.05076] Score is : 897
display  D   display_settings.c:212  debug_display_settings           [   0.05077] color: 32 (rgba 8880), depth: 24, stencil: 0, acc: 0000, samples: 0/0
display  D   display_settings.c:527  _al_score_display_settings       [   0.05078] Score is : 897
display  D   display_settings.c:212  debug_display_settings           [   0.05080] color: 32 (rgba 8880), depth: 24, stencil: 0, acc: 0000, samples: 0/0
display  D   display_settings.c:527  _al_score_display_settings       [   0.05082] Score is : 897
display  D   display_settings.c:212  debug_display_settings           [   0.05083] color: 32 (rgba 8880), depth: 16, stencil: 0, acc: 0000, samples: 0/0
display  D   display_settings.c:527  _al_score_display_settings       [   0.05084] Score is : 897
display  D   display_settings.c:212  debug_display_settings           [   0.05085] color: 32 (rgba 8880), depth: 16, stencil: 0, acc: 0000, samples: 0/0
display  D   display_settings.c:527  _al_score_display_settings       [   0.05087] Score is : 897
display  D   display_settings.c:212  debug_display_settings           [   0.05093] color: 16 (rgba 5650), depth: 0, stencil: 0, acc: 0000, samples: 0/0
display  D   display_settings.c:527  _al_score_display_settings       [   0.05095] Score is : 897
display  D   display_settings.c:212  debug_display_settings           [   0.05096] color: 16 (rgba 5650), depth: 0, stencil: 0, acc: 0000, samples: 0/0
display  D   display_settings.c:527  _al_score_display_settings       [   0.05097] Score is : 897
display  D   display_settings.c:212  debug_display_settings           [   0.05098] color: 16 (rgba 5650), depth: 24, stencil: 8, acc: 0000, samples: 0/0
display  D   display_settings.c:527  _al_score_display_settings       [   0.05099] Score is : 897
display  D   display_settings.c:212  debug_display_settings           [   0.05100] color: 16 (rgba 5650), depth: 24, stencil: 8, acc: 0000, samples: 0/0
display  D   display_settings.c:527  _al_score_display_settings       [   0.05102] Score is : 897
display  D   display_settings.c:212  debug_display_settings           [   0.05103] color: 16 (rgba 5650), depth: 24, stencil: 0, acc: 0000, samples: 0/0
display  D   display_settings.c:527  _al_score_display_settings       [   0.05104] Score is : 897
display  D   display_settings.c:212  debug_display_settings           [   0.05105] color: 16 (rgba 5650), depth: 24, stencil: 0, acc: 0000, samples: 0/0
display  D   display_settings.c:527  _al_score_display_settings       [   0.05106] Score is : 897
display  D   display_settings.c:212  debug_display_settings           [   0.05107] color: 16 (rgba 5650), depth: 16, stencil: 0, acc: 0000, samples: 0/0
display  D   display_settings.c:527  _al_score_display_settings       [   0.05108] Score is : 897
display  D   display_settings.c:212  debug_display_settings           [   0.05109] color: 16 (rgba 5650), depth: 16, stencil: 0, acc: 0000, samples: 0/0
display  D   display_settings.c:527  _al_score_display_settings       [   0.05110] Score is : 897
display  D   display_settings.c:212  debug_display_settings           [   0.05111] color: 32 (rgba 8880), depth: 0, stencil: 0, acc: 0000, samples: 0/0
display  D   display_settings.c:398  _al_score_display_settings       [   0.05113] Single Buffer requirement not met.
display  D   display_settings.c:212  debug_display_settings           [   0.05114] color: 32 (rgba 8880), depth: 0, stencil: 0, acc: 0000, samples: 0/0
display  D   display_settings.c:398  _al_score_display_settings       [   0.05115] Single Buffer requirement not met.
display  D   display_settings.c:212  debug_display_settings           [   0.05116] color: 32 (rgba 8880), depth: 24, stencil: 8, acc: 0000, samples: 0/0
display  D   display_settings.c:398  _al_score_display_settings       [   0.05117] Single Buffer requirement not met.
display  D   display_settings.c:212  debug_display_settings           [   0.05118] color: 32 (rgba 8880), depth: 24, stencil: 8, acc: 0000, samples: 0/0
display  D   display_settings.c:398  _al_score_display_settings       [   0.05120] Single Buffer requirement not met.
display  D   display_settings.c:212  debug_display_settings           [   0.05121] color: 32 (rgba 8880), depth: 24, stencil: 0, acc: 0000, samples: 0/0
display  D   display_settings.c:398  _al_score_display_settings       [   0.05122] Single Buffer requirement not met.
display  D   display_settings.c:212  debug_display_settings           [   0.05123] color: 32 (rgba 8880), depth: 24, stencil: 0, acc: 0000, samples: 0/0
display  D   display_settings.c:398  _al_score_display_settings       [   0.05124] Single Buffer requirement not met.
display  D   display_settings.c:212  debug_display_settings           [   0.05125] color: 32 (rgba 8880), depth: 16, stencil: 0, acc: 0000, samples: 0/0
display  D   display_settings.c:398  _al_score_display_settings       [   0.05127] Single Buffer requirement not met.
display  D   display_settings.c:212  debug_display_settings           [   0.05128] color: 32 (rgba 8880), depth: 16, stencil: 0, acc: 0000, samples: 0/0
display  D   display_settings.c:398  _al_score_display_settings       [   0.05129] Single Buffer requirement not met.
display  D   display_settings.c:212  debug_display_settings           [   0.05130] color: 16 (rgba 5650), depth: 0, stencil: 0, acc: 0000, samples: 0/0
display  D   display_settings.c:398  _al_score_display_settings       [   0.05132] Single Buffer requirement not met.
display  D   display_settings.c:212  debug_display_settings           [   0.05133] color: 16 (rgba 5650), depth: 0, stencil: 0, acc: 0000, samples: 0/0
display  D   display_settings.c:398  _al_score_display_settings       [   0.05134] Single Buffer requirement not met.
display  D   display_settings.c:212  debug_display_settings           [   0.05135] color: 16 (rgba 5650), depth: 24, stencil: 8, acc: 0000, samples: 0/0
display  D   display_settings.c:398  _al_score_display_settings       [   0.05136] Single Buffer requirement not met.
display  D   display_settings.c:212  debug_display_settings           [   0.05137] color: 16 (rgba 5650), depth: 24, stencil: 8, acc: 0000, samples: 0/0
display  D   display_settings.c:398  _al_score_display_settings       [   0.05138] Single Buffer requirement not met.
display  D   display_settings.c:212  debug_display_settings           [   0.05140] color: 16 (rgba 5650), depth: 24, stencil: 0, acc: 0000, samples: 0/0
display  D   display_settings.c:398  _al_score_display_settings       [   0.05141] Single Buffer requirement not met.
display  D   display_settings.c:212  debug_display_settings           [   0.05142] color: 16 (rgba 5650), depth: 24, stencil: 0, acc: 0000, samples: 0/0
display  D   display_settings.c:398  _al_score_display_settings       [   0.05143] Single Buffer requirement not met.
display  D   display_settings.c:212  debug_display_settings           [   0.05144] color: 16 (rgba 5650), depth: 16, stencil: 0, acc: 0000, samples: 0/0
display  D   display_settings.c:398  _al_score_display_settings       [   0.05145] Single Buffer requirement not met.
display  D   display_settings.c:212  debug_display_settings           [   0.05147] color: 16 (rgba 5650), depth: 16, stencil: 0, acc: 0000, samples: 0/0
display  D   display_settings.c:398  _al_score_display_settings       [   0.05148] Single Buffer requirement not met.
display  D   display_settings.c:212  debug_display_settings           [   0.05149] color: 32 (rgba 8880), depth: 0, stencil: 0, acc: 0000, samples: 0/0
display  D   display_settings.c:527  _al_score_display_settings       [   0.05150] Score is : 769
display  D   display_settings.c:212  debug_display_settings           [   0.05152] color: 32 (rgba 8880), depth: 0, stencil: 0, acc: 0000, samples: 0/0
display  D   display_settings.c:527  _al_score_display_settings       [   0.05153] Score is : 769
display  D   display_settings.c:212  debug_display_settings           [   0.05154] color: 32 (rgba 8880), depth: 24, stencil: 8, acc: 0000, samples: 0/0
display  D   display_settings.c:527  _al_score_display_settings       [   0.05155] Score is : 769
display  D   display_settings.c:212  debug_display_settings           [   0.05156] color: 32 (rgba 8880), depth: 24, stencil: 8, acc: 0000, samples: 0/0
display  D   display_settings.c:527  _al_score_display_settings       [   0.05157] Score is : 769
display  D   display_settings.c:212  debug_display_settings           [   0.05159] color: 32 (rgba 8880), depth: 24, stencil: 0, acc: 0000, samples: 0/0
display  D   display_settings.c:527  _al_score_display_settings       [   0.05160] Score is : 769
display  D   display_settings.c:212  debug_display_settings           [   0.05161] color: 32 (rgba 8880), depth: 24, stencil: 0, acc: 0000, samples: 0/0
display  D   display_settings.c:527  _al_score_display_settings       [   0.05162] Score is : 769
display  D   display_settings.c:212  debug_display_settings           [   0.05163] color: 32 (rgba 8880), depth: 16, stencil: 0, acc: 0000, samples: 0/0
display  D   display_settings.c:527  _al_score_display_settings       [   0.05164] Score is : 769
display  D   display_settings.c:212  debug_display_settings           [   0.05165] color: 32 (rgba 8880), depth: 16, stencil: 0, acc: 0000, samples: 0/0
display  D   display_settings.c:527  _al_score_display_settings       [   0.05167] Score is : 769
display  D   display_settings.c:212  debug_display_settings           [   0.05168] color: 16 (rgba 5650), depth: 0, stencil: 0, acc: 0000, samples: 0/0
display  D   display_settings.c:527  _al_score_display_settings       [   0.05169] Score is : 769
display  D   display_settings.c:212  debug_display_settings           [   0.05170] color: 16 (rgba 5650), depth: 0, stencil: 0, acc: 0000, samples: 0/0
display  D   display_settings.c:527  _al_score_display_settings       [   0.05172] Score is : 769
display  D   display_settings.c:212  debug_display_settings           [   0.05173] color: 16 (rgba 5650), depth: 24, stencil: 8, acc: 0000, samples: 0/0
display  D   display_settings.c:527  _al_score_display_settings       [   0.05174] Score is : 769
display  D   display_settings.c:212  debug_display_settings           [   0.05175] color: 16 (rgba 5650), depth: 24, stencil: 8, acc: 0000, samples: 0/0
display  D   display_settings.c:527  _al_score_display_settings       [   0.05176] Score is : 769
display  D   display_settings.c:212  debug_display_settings           [   0.05177] color: 16 (rgba 5650), depth: 24, stencil: 0, acc: 0000, samples: 0/0
display  D   display_settings.c:527  _al_score_display_settings       [   0.05178] Score is : 769
display  D   display_settings.c:212  debug_display_settings           [   0.05179] color: 16 (rgba 5650), depth: 24, stencil: 0, acc: 0000, samples: 0/0
display  D   display_settings.c:527  _al_score_display_settings       [   0.05181] Score is : 769
display  D   display_settings.c:212  debug_display_settings           [   0.05182] color: 16 (rgba 5650), depth: 16, stencil: 0, acc: 0000, samples: 0/0
display  D   display_settings.c:527  _al_score_display_settings       [   0.05183] Score is : 769
display  D   display_settings.c:212  debug_display_settings           [   0.05184] color: 16 (rgba 5650), depth: 16, stencil: 0, acc: 0000, samples: 0/0
display  D   display_settings.c:527  _al_score_display_settings       [   0.05186] Score is : 769
display  D   display_settings.c:212  debug_display_settings           [   0.05187] color: 32 (rgba 8880), depth: 0, stencil: 0, acc: 0000, samples: 0/0
display  D   display_settings.c:398  _al_score_display_settings       [   0.05188] Single Buffer requirement not met.
display  D   display_settings.c:212  debug_display_settings           [   0.05190] color: 32 (rgba 8880), depth: 0, stencil: 0, acc: 0000, samples: 0/0
display  D   display_settings.c:398  _al_score_display_settings       [   0.05191] Single Buffer requirement not met.
display  D   display_settings.c:212  debug_display_settings           [   0.05192] color: 32 (rgba 8880), depth: 24, stencil: 8, acc: 0000, samples: 0/0
display  D   display_settings.c:398  _al_score_display_settings       [   0.05194] Single Buffer requirement not met.
display  D   display_settings.c:212  debug_display_settings           [   0.05195] color: 32 (rgba 8880), depth: 24, stencil: 8, acc: 0000, samples: 0/0
display  D   display_settings.c:398  _al_score_display_settings       [   0.05196] Single Buffer requirement not met.
display  D   display_settings.c:212  debug_display_settings           [   0.05197] color: 32 (rgba 8880), depth: 24, stencil: 0, acc: 0000, samples: 0/0
display  D   display_settings.c:398  _al_score_display_settings       [   0.05198] Single Buffer requirement not met.
display  D   display_settings.c:212  debug_display_settings           [   0.05200] color: 32 (rgba 8880), depth: 24, stencil: 0, acc: 0000, samples: 0/0
display  D   display_settings.c:398  _al_score_display_settings       [   0.05202] Single Buffer requirement not met.
display  D   display_settings.c:212  debug_display_settings           [   0.05203] color: 32 (rgba 8880), depth: 16, stencil: 0, acc: 0000, samples: 0/0
display  D   display_settings.c:398  _al_score_display_settings       [   0.05205] Single Buffer requirement not met.
display  D   display_settings.c:212  debug_display_settings           [   0.05209] color: 32 (rgba 8880), depth: 16, stencil: 0, acc: 0000, samples: 0/0
display  D   display_settings.c:398  _al_score_display_settings       [   0.05211] Single Buffer requirement not met.
display  D   display_settings.c:212  debug_display_settings           [   0.05212] color: 16 (rgba 5650), depth: 0, stencil: 0, acc: 0000, samples: 0/0
display  D   display_settings.c:398  _al_score_display_settings       [   0.05214] Single Buffer requirement not met.
display  D   display_settings.c:212  debug_display_settings           [   0.05215] color: 16 (rgba 5650), depth: 0, stencil: 0, acc: 0000, samples: 0/0
display  D   display_settings.c:398  _al_score_display_settings       [   0.05216] Single Buffer requirement not met.
display  D   display_settings.c:212  debug_display_settings           [   0.05218] color: 16 (rgba 5650), depth: 24, stencil: 8, acc: 0000, samples: 0/0
display  D   display_settings.c:398  _al_score_display_settings       [   0.05219] Single Buffer requirement not met.
display  D   display_settings.c:212  debug_display_settings           [   0.05220] color: 16 (rgba 5650), depth: 24, stencil: 8, acc: 0000, samples: 0/0
display  D   display_settings.c:398  _al_score_display_settings       [   0.05221] Single Buffer requirement not met.
display  D   display_settings.c:212  debug_display_settings           [   0.05223] color: 16 (rgba 5650), depth: 24, stencil: 0, acc: 0000, samples: 0/0
display  D   display_settings.c:398  _al_score_display_settings       [   0.05224] Single Buffer requirement not met.
display  D   display_settings.c:212  debug_display_settings           [   0.05225] color: 16 (rgba 5650), depth: 24, stencil: 0, acc: 0000, samples: 0/0
display  D   display_settings.c:398  _al_score_display_settings       [   0.05226] Single Buffer requirement not met.
display  D   display_settings.c:212  debug_display_settings           [   0.05227] color: 16 (rgba 5650), depth: 16, stencil: 0, acc: 0000, samples: 0/0
display  D   display_settings.c:398  _al_score_display_settings       [   0.05228] Single Buffer requirement not met.
display  D   display_settings.c:212  debug_display_settings           [   0.05229] color: 16 (rgba 5650), depth: 16, stencil: 0, acc: 0000, samples: 0/0
display  D   display_settings.c:398  _al_score_display_settings       [   0.05231] Single Buffer requirement not met.
d3d      D         d3d_disp.cpp:1682 d3d_create_display_internals     [   0.05232] Trying format 0.
d3d      I         d3d_disp.cpp:1358 d3d_display_thread_proc          [   0.05253] Chose a display format: 23
d3d      I         d3d_disp.cpp:1427 d3d_display_thread_proc          [   0.05256] Normal window.
d3d      I         d3d_disp.cpp:791  d3d_create_device                [   0.07924] Using no depth stencil buffer
d3d      D         d3d_disp.cpp:853  d3d_create_device                [   0.10200] BeginScene succeeded in create_device
d3d      D         d3d_disp.cpp:861  d3d_create_device                [   0.10208] Success
d3d      D         d3d_disp.cpp:1705 d3d_create_display_internals     [   0.10213] Resumed after wait.
d3d      I         d3d_disp.cpp:1738 d3d_create_display_internals     [   0.10217] Format 0 succeeded.
d3d      D         d3d_disp.cpp:1769 d3d_create_display_internals     [   0.10219] Returning d3d_display: 000000000125b460
d3d      D         d3d_disp.cpp:1794 d3d_create_display_locked        [   0.10221] al_display=000000000125b460
d3d      D         d3d_disp.cpp:1795 d3d_create_display_locked        [   0.10222] al_display->vt=000000000125b2f0
system   D            wsystem.c:874  _al_win_safe_load_library        [   0.10248] PathFindOnPath found: C:\WINDOWS\system32\d3dx9_43.dll
system   D            wsystem.c:780  load_library_at_path             [   0.10252] Calling LoadLibrary C:\WINDOWS\system32\d3dx9_43.dll
system   I            wsystem.c:783  load_library_at_path             [   0.10299] Loaded C:\WINDOWS\system32\d3dx9_43.dll
d3dx9    I        d3d_d3dx9.cpp:88   _imp_load_d3dx9_module_version   [   0.10310] Module "d3dx9_43.dll" loaded.
dtor     D               dtor.c:196  _al_register_destructor          [   0.10315] added dtor for timer 0000000002bacb80, func 00007ffed004fb3b
dtor     D               dtor.c:196  _al_register_destructor          [   0.10318] added dtor for queue 0000000002bacc30, func 00007ffed003c5dc
stdio    D         file_stdio.c:110  file_stdio_fopen                 [   0.10418] opening ./assets/image/game_icon.png rb
stdio    D         file_stdio.c:110  file_stdio_fopen                 [   0.10448] opening ./assets/image/game_icon.png rb
d3d      D         d3d_disp.cpp:1202 real_choose_bitmap_format        [   0.10465] Fake format
d3d      D         d3d_disp.cpp:1202 real_choose_bitmap_format        [   0.10468] Fake format
d3d      D         d3d_disp.cpp:1202 real_choose_bitmap_format        [   0.10470] Fake format
d3d      D         d3d_disp.cpp:1202 real_choose_bitmap_format        [   0.10472] Fake format
d3d      D         d3d_disp.cpp:1202 real_choose_bitmap_format        [   0.10473] Fake format
d3d      D         d3d_disp.cpp:1202 real_choose_bitmap_format        [   0.10475] Fake format
d3d      D         d3d_disp.cpp:1202 real_choose_bitmap_format        [   0.10477] Fake format
d3d      D         d3d_disp.cpp:1202 real_choose_bitmap_format        [   0.10478] Fake format
d3d      D         d3d_disp.cpp:1202 real_choose_bitmap_format        [   0.10480] Fake format
d3d      D         d3d_disp.cpp:1210 real_choose_bitmap_format        [   0.10482] Alpha doesn't match
d3d      D         d3d_disp.cpp:1217 real_choose_bitmap_format        [   0.10483] Adapter format is 23
d3d      D         d3d_disp.cpp:1220 real_choose_bitmap_format        [   0.10485] Found a format
d3d      I         d3d_disp.cpp:2391 d3d_create_bitmap                [   0.10487] Chose bitmap format 9
dtor     D               dtor.c:196  _al_register_destructor          [   0.10509] added dtor for bitmap 0000000002bb3460, func 00007ffed0011bea
d3d      D         d3d_disp.cpp:1202 real_choose_bitmap_format        [   0.11759] Fake format
d3d      D         d3d_disp.cpp:1202 real_choose_bitmap_format        [   0.11768] Fake format
d3d      D         d3d_disp.cpp:1202 real_choose_bitmap_format        [   0.11770] Fake format
d3d      D         d3d_disp.cpp:1202 real_choose_bitmap_format        [   0.11772] Fake format
d3d      D         d3d_disp.cpp:1202 real_choose_bitmap_format        [   0.11774] Fake format
d3d      D         d3d_disp.cpp:1202 real_choose_bitmap_format        [   0.11782] Fake format
d3d      D         d3d_disp.cpp:1202 real_choose_bitmap_format        [   0.11791] Fake format
d3d      D         d3d_disp.cpp:1202 real_choose_bitmap_format        [   0.11800] Fake format
d3d      D         d3d_disp.cpp:1202 real_choose_bitmap_format        [   0.11804] Fake format
d3d      D         d3d_disp.cpp:1210 real_choose_bitmap_format        [   0.11806] Alpha doesn't match
d3d      D         d3d_disp.cpp:1217 real_choose_bitmap_format        [   0.11809] Adapter format is 23
d3d      D         d3d_disp.cpp:1220 real_choose_bitmap_format        [   0.11815] Found a format
d3d      I         d3d_disp.cpp:2391 d3d_create_bitmap                [   0.11817] Chose bitmap format 9
dtor     D               dtor.c:196  _al_register_destructor          [   0.11851] added dtor for bitmap 0000000002baf540, func 00007ffed0011bea
d3d      D          d3d_bmp.cpp:539  _al_d3d_sync_bitmap              [   0.13687] _al_d3d_sync_bitmap (system) ref count == 1
d3d      D          d3d_bmp.cpp:545  _al_d3d_sync_bitmap              [   0.13720] _al_d3d_sync_bitmap (video) ref count == 1
dtor     D               dtor.c:227  _al_unregister_destructor        [   0.14074] removed dtor for bitmap 0000000002baf540
d3d      D         d3d_disp.cpp:1202 real_choose_bitmap_format        [   0.14118] Fake format
d3d      D         d3d_disp.cpp:1202 real_choose_bitmap_format        [   0.14125] Fake format
d3d      D         d3d_disp.cpp:1202 real_choose_bitmap_format        [   0.14134] Fake format
d3d      D         d3d_disp.cpp:1202 real_choose_bitmap_format        [   0.14137] Fake format
d3d      D         d3d_disp.cpp:1202 real_choose_bitmap_format        [   0.14139] Fake format
d3d      D         d3d_disp.cpp:1202 real_choose_bitmap_format        [   0.14140] Fake format
d3d      D         d3d_disp.cpp:1202 real_choose_bitmap_format        [   0.14142] Fake format
d3d      D         d3d_disp.cpp:1202 real_choose_bitmap_format        [   0.14143] Fake format
d3d      D         d3d_disp.cpp:1202 real_choose_bitmap_format        [   0.14144] Fake format
d3d      D         d3d_disp.cpp:1210 real_choose_bitmap_format        [   0.14146] Alpha doesn't match
d3d      D         d3d_disp.cpp:1217 real_choose_bitmap_format        [   0.14147] Adapter format is 23
d3d      D         d3d_disp.cpp:1220 real_choose_bitmap_format        [   0.14148] Found a format
d3d      I         d3d_disp.cpp:2391 d3d_create_bitmap                [   0.14150] Chose bitmap format 9
dtor     D               dtor.c:196  _al_register_destructor          [   0.14167] added dtor for bitmap 0000000002baf540, func 00007ffed0011bea
d3d      D          d3d_bmp.cpp:539  _al_d3d_sync_bitmap              [   0.15119] _al_d3d_sync_bitmap (system) ref count == 1
d3d      D          d3d_bmp.cpp:545  _al_d3d_sync_bitmap              [   0.15125] _al_d3d_sync_bitmap (video) ref count == 1
dtor     D               dtor.c:227  _al_unregister_destructor        [   0.15874] removed dtor for bitmap 0000000002baf540
audio-dsound D           dsound.cpp:311  _dsound_allocate_voice           [   0.15897] Allocating voice
audio-dsound D           dsound.cpp:370  _dsound_allocate_voice           [   0.15902] Allocated voice
dtor     D               dtor.c:196  _al_register_destructor          [   0.15905] added dtor for voice 0000000002baf540, func 00007ffed0145024
dtor     D               dtor.c:196  _al_register_destructor          [   0.15907] added dtor for mixer 0000000002baf680, func 00007ffed01404dc
audio-dsound D           dsound.cpp:466  _dsound_start_voice              [   0.15910] Starting voice
audio-dsound D           dsound.cpp:494  _dsound_start_voice              [   0.15911] CreateSoundBuffer
audio-dsound D           dsound.cpp:502  _dsound_start_voice              [   0.16155] CreateSoundBuffer succeeded
audio-dsound D           dsound.cpp:508  _dsound_start_voice              [   0.16169] Starting _dsound_update thread
audio-dsound I           dsound.cpp:518  _dsound_start_voice              [   0.16204] Voice started
dtor     D               dtor.c:196  _al_register_destructor          [   0.16220] added dtor for sample_instance 0000000002bafbb0, func 00007ffed013929b
audio    D          kcm_mixer.c:121  _al_rechannel_matrix             [   0.16227] sample matrix:
audio    D          kcm_mixer.c:127  _al_rechannel_matrix             [   0.16232] 
audio    D          kcm_mixer.c:127  _al_rechannel_matrix             [   0.16238] 
dtor     D               dtor.c:196  _al_register_destructor          [   0.16243] added dtor for sample_instance 0000000002bafcd0, func 00007ffed013929b
audio    D          kcm_mixer.c:121  _al_rechannel_matrix             [   0.16261] sample matrix:
audio    D          kcm_mixer.c:127  _al_rechannel_matrix             [   0.16266] 
audio    D          kcm_mixer.c:127  _al_rechannel_matrix             [   0.16272] 
dtor     D               dtor.c:196  _al_register_destructor          [   0.16280] added dtor for sample_instance 0000000002bafe40, func 00007ffed013929b
audio    D          kcm_mixer.c:121  _al_rechannel_matrix             [   0.16287] sample matrix:
audio    D          kcm_mixer.c:127  _al_rechannel_matrix             [   0.16293] 
audio    D          kcm_mixer.c:127  _al_rechannel_matrix             [   0.16301] 
dtor     D               dtor.c:196  _al_register_destructor          [   0.16311] added dtor for sample_instance 0000000002baf8c0, func 00007ffed013929b
audio    D          kcm_mixer.c:121  _al_rechannel_matrix             [   0.16338] sample matrix:
audio    D          kcm_mixer.c:127  _al_rechannel_matrix             [   0.16368] 
audio    D          kcm_mixer.c:127  _al_rechannel_matrix             [   0.16381] 
dtor     D               dtor.c:196  _al_register_destructor          [   0.16384] added dtor for sample_instance 0000000002baf9e0, func 00007ffed013929b
audio    D          kcm_mixer.c:121  _al_rechannel_matrix             [   0.16387] sample matrix:
audio    D          kcm_mixer.c:127  _al_rechannel_matrix             [   0.16389] 
audio    D          kcm_mixer.c:127  _al_rechannel_matrix             [   0.16391] 
dtor     D               dtor.c:196  _al_register_destructor          [   0.16393] added dtor for sample_instance 0000000002bb0d20, func 00007ffed013929b
audio    D          kcm_mixer.c:121  _al_rechannel_matrix             [   0.16396] sample matrix:
audio    D          kcm_mixer.c:127  _al_rechannel_matrix             [   0.16398] 
audio    D          kcm_mixer.c:127  _al_rechannel_matrix             [   0.16400] 
dtor     D               dtor.c:196  _al_register_destructor          [   0.16402] added dtor for sample_instance 0000000002bb0e40, func 00007ffed013929b
audio    D          kcm_mixer.c:121  _al_rechannel_matrix             [   0.16404] sample matrix:
audio    D          kcm_mixer.c:127  _al_rechannel_matrix             [   0.16406] 
audio    D          kcm_mixer.c:127  _al_rechannel_matrix             [   0.16407] 
dtor     D               dtor.c:196  _al_register_destructor          [   0.16409] added dtor for sample_instance 0000000002bb0f60, func 00007ffed013929b
audio    D          kcm_mixer.c:121  _al_rechannel_matrix             [   0.16412] sample matrix:
audio    D          kcm_mixer.c:127  _al_rechannel_matrix             [   0.16414] 
audio    D          kcm_mixer.c:127  _al_rechannel_matrix             [   0.16416] 
dtor     D               dtor.c:196  _al_register_destructor          [   0.16419] added dtor for sample_instance 0000000002bb1190, func 00007ffed013929b
audio    D          kcm_mixer.c:121  _al_rechannel_matrix             [   0.16422] sample matrix:
audio    D          kcm_mixer.c:127  _al_rechannel_matrix             [   0.16424] 
audio    D          kcm_mixer.c:127  _al_rechannel_matrix             [   0.16426] 
dtor     D               dtor.c:196  _al_register_destructor          [   0.16428] added dtor for sample_instance 0000000002bb12b0, func 00007ffed013929b
audio    D          kcm_mixer.c:121  _al_rechannel_matrix             [   0.16431] sample matrix:
audio    D          kcm_mixer.c:127  _al_rechannel_matrix             [   0.16433] 
audio    D          kcm_mixer.c:127  _al_rechannel_matrix             [   0.16435] 
dtor     D               dtor.c:196  _al_register_destructor          [   0.16438] added dtor for sample_instance 0000000002bb1be0, func 00007ffed013929b
audio    D          kcm_mixer.c:121  _al_rechannel_matrix             [   0.16441] sample matrix:
audio    D          kcm_mixer.c:127  _al_rechannel_matrix             [   0.16444] 
audio    D          kcm_mixer.c:127  _al_rechannel_matrix             [   0.16446] 
dtor     D               dtor.c:196  _al_register_destructor          [   0.16449] added dtor for sample_instance 0000000002bb1d00, func 00007ffed013929b
audio    D          kcm_mixer.c:121  _al_rechannel_matrix             [   0.16452] sample matrix:
audio    D          kcm_mixer.c:127  _al_rechannel_matrix             [   0.16456] 
audio    D          kcm_mixer.c:127  _al_rechannel_matrix             [   0.16458] 
dtor     D               dtor.c:196  _al_register_destructor          [   0.16460] added dtor for sample_instance 0000000002bb1e20, func 00007ffed013929b
audio    D          kcm_mixer.c:121  _al_rechannel_matrix             [   0.16462] sample matrix:
audio    D          kcm_mixer.c:127  _al_rechannel_matrix             [   0.16464] 
audio    D          kcm_mixer.c:127  _al_rechannel_matrix             [   0.16466] 
dtor     D               dtor.c:196  _al_register_destructor          [   0.16468] added dtor for sample_instance 0000000002bb1f90, func 00007ffed013929b
audio    D          kcm_mixer.c:121  _al_rechannel_matrix             [   0.16472] sample matrix:
audio    D          kcm_mixer.c:127  _al_rechannel_matrix             [   0.16475] 
audio    D          kcm_mixer.c:127  _al_rechannel_matrix             [   0.16477] 
dtor     D               dtor.c:196  _al_register_destructor          [   0.16479] added dtor for sample_instance 0000000002bb2890, func 00007ffed013929b
audio    D          kcm_mixer.c:121  _al_rechannel_matrix             [   0.16481] sample matrix:
audio    D          kcm_mixer.c:127  _al_rechannel_matrix             [   0.16483] 
audio    D          kcm_mixer.c:127  _al_rechannel_matrix             [   0.16485] 
dtor     D               dtor.c:196  _al_register_destructor          [   0.16488] added dtor for sample_instance 0000000002bb2410, func 00007ffed013929b
audio    D          kcm_mixer.c:121  _al_rechannel_matrix             [   0.16490] sample matrix:
audio    D          kcm_mixer.c:127  _al_rechannel_matrix             [   0.16492] 
audio    D          kcm_mixer.c:127  _al_rechannel_matrix             [   0.16494] 
stdio    D         file_stdio.c:110  file_stdio_fopen                 [   0.16497] opening ./assets/font/Caviar_Dreams_Bold.ttf rb
font     D                ttf.c:943  al_load_ttf_font_stretch_f       [   0.16534] Font ./assets/font/Caviar_Dreams_Bold.ttf loaded with pixel size 0 x 12.
font     D                ttf.c:945  al_load_ttf_font_stretch_f       [   0.16541]     ascent=12.0, descent=-4.0, height=15.0
dtor     D               dtor.c:196  _al_register_destructor          [   0.16546] added dtor for ttf_font 0000000002bb1450, func 00007ffed0134c05
stdio    D         file_stdio.c:110  file_stdio_fopen                 [   0.16549] opening ./assets/font/courbd.ttf rb
font     D                ttf.c:943  al_load_ttf_font_stretch_f       [   0.16597] Font ./assets/font/courbd.ttf loaded with pixel size 0 x 12.
font     D                ttf.c:945  al_load_ttf_font_stretch_f       [   0.16604]     ascent=10.0, descent=-4.0, height=14.0
dtor     D               dtor.c:196  _al_register_destructor          [   0.16607] added dtor for ttf_font 0000000002bb14b0, func 00007ffed0134c05
stdio    D         file_stdio.c:110  file_stdio_fopen                 [   0.16613] opening ./assets/font/Caviar_Dreams_Bold.ttf rb
font     D                ttf.c:943  al_load_ttf_font_stretch_f       [   0.16638] Font ./assets/font/Caviar_Dreams_Bold.ttf loaded with pixel size 0 x 24.
font     D                ttf.c:945  al_load_ttf_font_stretch_f       [   0.16642]     ascent=24.0, descent=-7.0, height=30.0
dtor     D               dtor.c:196  _al_register_destructor          [   0.16644] added dtor for ttf_font 0000000002bb1b70, func 00007ffed0134c05
stdio    D         file_stdio.c:110  file_stdio_fopen                 [   0.16647] opening ./assets/font/courbd.ttf rb
font     D                ttf.c:943  al_load_ttf_font_stretch_f       [   0.16673] Font ./assets/font/courbd.ttf loaded with pixel size 0 x 24.
font     D                ttf.c:945  al_load_ttf_font_stretch_f       [   0.16677]     ascent=20.0, descent=-8.0, height=27.0
dtor     D               dtor.c:196  _al_register_destructor          [   0.16679] added dtor for ttf_font 0000000002bb1b40, func 00007ffed0134c05
stdio    D         file_stdio.c:110  file_stdio_fopen                 [   0.16681] opening ./assets/font/Caviar_Dreams_Bold.ttf rb
font     D                ttf.c:943  al_load_ttf_font_stretch_f       [   0.16703] Font ./assets/font/Caviar_Dreams_Bold.ttf loaded with pixel size 0 x 36.
font     D                ttf.c:945  al_load_ttf_font_stretch_f       [   0.16707]     ascent=36.0, descent=-11.0, height=46.0
dtor     D               dtor.c:196  _al_register_destructor          [   0.16709] added dtor for ttf_font 0000000002bb1780, func 00007ffed0134c05
stdio    D         file_stdio.c:110  file_stdio_fopen                 [   0.16712] opening ./assets/font/courbd.ttf rb
font     D                ttf.c:943  al_load_ttf_font_stretch_f       [   0.16738] Font ./assets/font/courbd.ttf loaded with pixel size 0 x 36.
font     D                ttf.c:945  al_load_ttf_font_stretch_f       [   0.16742]     ascent=30.0, descent=-11.0, height=41.0
dtor     D               dtor.c:196  _al_register_destructor          [   0.16744] added dtor for ttf_font 0000000002be4970, func 00007ffed0134c05
stdio    D         file_stdio.c:110  file_stdio_fopen                 [   0.16749] opening ./assets/image/love.png rb
stdio    D         file_stdio.c:110  file_stdio_fopen                 [   0.16774] opening ./assets/image/love.png rb
d3d      D         d3d_disp.cpp:1202 real_choose_bitmap_format        [   0.16793] Fake format
d3d      D         d3d_disp.cpp:1202 real_choose_bitmap_format        [   0.16797] Fake format
d3d      D         d3d_disp.cpp:1202 real_choose_bitmap_format        [   0.16800] Fake format
d3d      D         d3d_disp.cpp:1202 real_choose_bitmap_format        [   0.16802] Fake format
d3d      D         d3d_disp.cpp:1202 real_choose_bitmap_format        [   0.16808] Fake format
d3d      D         d3d_disp.cpp:1202 real_choose_bitmap_format        [   0.16810] Fake format
d3d      D         d3d_disp.cpp:1202 real_choose_bitmap_format        [   0.16813] Fake format
d3d      D         d3d_disp.cpp:1202 real_choose_bitmap_format        [   0.16816] Fake format
d3d      D         d3d_disp.cpp:1202 real_choose_bitmap_format        [   0.16818] Fake format
d3d      D         d3d_disp.cpp:1210 real_choose_bitmap_format        [   0.16820] Alpha doesn't match
d3d      D         d3d_disp.cpp:1217 real_choose_bitmap_format        [   0.16822] Adapter format is 23
d3d      D         d3d_disp.cpp:1220 real_choose_bitmap_format        [   0.16826] Found a format
d3d      I         d3d_disp.cpp:2391 d3d_create_bitmap                [   0.16830] Chose bitmap format 9
dtor     D               dtor.c:196  _al_register_destructor          [   0.16911] added dtor for bitmap 0000000002bf1120, func 00007ffed0011bea
stdio    D         file_stdio.c:110  file_stdio_fopen                 [   0.16974] opening ./assets/image/tower/Arcane_Menu.png rb
stdio    D         file_stdio.c:110  file_stdio_fopen                 [   0.17010] opening ./assets/image/tower/Arcane_Menu.png rb
d3d      D         d3d_disp.cpp:1202 real_choose_bitmap_format        [   0.17027] Fake format
d3d      D         d3d_disp.cpp:1202 real_choose_bitmap_format        [   0.17032] Fake format
d3d      D         d3d_disp.cpp:1202 real_choose_bitmap_format        [   0.17034] Fake format
d3d      D         d3d_disp.cpp:1202 real_choose_bitmap_format        [   0.17038] Fake format
d3d      D         d3d_disp.cpp:1202 real_choose_bitmap_format        [   0.17040] Fake format
d3d      D         d3d_disp.cpp:1202 real_choose_bitmap_format        [   0.17042] Fake format
d3d      D         d3d_disp.cpp:1202 real_choose_bitmap_format        [   0.17044] Fake format
d3d      D         d3d_disp.cpp:1202 real_choose_bitmap_format        [   0.17046] Fake format
d3d      D         d3d_disp.cpp:1202 real_choose_bitmap_format        [   0.17049] Fake format
d3d      D         d3d_disp.cpp:1210 real_choose_bitmap_format        [   0.17051] Alpha doesn't match
d3d      D         d3d_disp.cpp:1217 real_choose_bitmap_format        [   0.17054] Adapter format is 23
d3d      D         d3d_disp.cpp:1220 real_choose_bitmap_format        [   0.17057] Found a format
d3d      I         d3d_disp.cpp:2391 d3d_create_bitmap                [   0.17060] Chose bitmap format 9
dtor     D               dtor.c:196  _al_register_destructor          [   0.17083] added dtor for bitmap 0000000002bf1570, func 00007ffed0011bea
stdio    D         file_stdio.c:110  file_stdio_fopen                 [   0.17174] opening ./assets/image/tower/Archer_Menu.png rb
stdio    D         file_stdio.c:110  file_stdio_fopen                 [   0.17200] opening ./assets/image/tower/Archer_Menu.png rb
d3d      D         d3d_disp.cpp:1202 real_choose_bitmap_format        [   0.17214] Fake format
d3d      D         d3d_disp.cpp:1202 real_choose_bitmap_format        [   0.17218] Fake format
d3d      D         d3d_disp.cpp:1202 real_choose_bitmap_format        [   0.17221] Fake format
d3d      D         d3d_disp.cpp:1202 real_choose_bitmap_format        [   0.17223] Fake format
d3d      D         d3d_disp.cpp:1202 real_choose_bitmap_format        [   0.17224] Fake format
d3d      D         d3d_disp.cpp:1202 real_choose_bitmap_format        [   0.17226] Fake format
d3d      D         d3d_disp.cpp:1202 real_choose_bitmap_format        [   0.17228] Fake format
d3d      D         d3d_disp.cpp:1202 real_choose_bitmap_format        [   0.17230] Fake format
d3d      D         d3d_disp.cpp:1202 real_choose_bitmap_format        [   0.17232] Fake format
d3d      D         d3d_disp.cpp:1210 real_choose_bitmap_format        [   0.17234] Alpha doesn't match
d3d      D         d3d_disp.cpp:1217 real_choose_bitmap_format        [   0.17237] Adapter format is 23
d3d      D         d3d_disp.cpp:1220 real_choose_bitmap_format        [   0.17240] Found a format
d3d      I         d3d_disp.cpp:2391 d3d_create_bitmap                [   0.17243] Chose bitmap format 9
dtor     D               dtor.c:196  _al_register_destructor          [   0.17262] added dtor for bitmap 0000000002bf3e40, func 00007ffed0011bea
stdio    D         file_stdio.c:110  file_stdio_fopen                 [   0.17321] opening ./assets/image/tower/Canon_Menu.png rb
stdio    D         file_stdio.c:110  file_stdio_fopen                 [   0.17336] opening ./assets/image/tower/Canon_Menu.png rb
d3d      D         d3d_disp.cpp:1202 real_choose_bitmap_format        [   0.17343] Fake format
d3d      D         d3d_disp.cpp:1202 real_choose_bitmap_format        [   0.17345] Fake format
d3d      D         d3d_disp.cpp:1202 real_choose_bitmap_format        [   0.17346] Fake format
d3d      D         d3d_disp.cpp:1202 real_choose_bitmap_format        [   0.17347] Fake format
d3d      D         d3d_disp.cpp:1202 real_choose_bitmap_format        [   0.17348] Fake format
d3d      D         d3d_disp.cpp:1202 real_choose_bitmap_format        [   0.17351] Fake format
d3d      D         d3d_disp.cpp:1202 real_choose_bitmap_format        [   0.17352] Fake format
d3d      D         d3d_disp.cpp:1202 real_choose_bitmap_format        [   0.17354] Fake format
d3d      D         d3d_disp.cpp:1202 real_choose_bitmap_format        [   0.17357] Fake format
d3d      D         d3d_disp.cpp:1210 real_choose_bitmap_format        [   0.17358] Alpha doesn't match
d3d      D         d3d_disp.cpp:1217 real_choose_bitmap_format        [   0.17359] Adapter format is 23
d3d      D         d3d_disp.cpp:1220 real_choose_bitmap_format        [   0.17361] Found a format
d3d      I         d3d_disp.cpp:2391 d3d_create_bitmap                [   0.17362] Chose bitmap format 9
dtor     D               dtor.c:196  _al_register_destructor          [   0.17375] added dtor for bitmap 0000000002bef690, func 00007ffed0011bea
stdio    D         file_stdio.c:110  file_stdio_fopen                 [   0.17422] opening ./assets/image/tower/Poison_Menu.png rb
stdio    D         file_stdio.c:110  file_stdio_fopen                 [   0.17434] opening ./assets/image/tower/Poison_Menu.png rb
d3d      D         d3d_disp.cpp:1202 real_choose_bitmap_format        [   0.17441] Fake format
d3d      D         d3d_disp.cpp:1202 real_choose_bitmap_format        [   0.17442] Fake format
d3d      D         d3d_disp.cpp:1202 real_choose_bitmap_format        [   0.17443] Fake format
d3d      D         d3d_disp.cpp:1202 real_choose_bitmap_format        [   0.17445] Fake format
d3d      D         d3d_disp.cpp:1202 real_choose_bitmap_format        [   0.17446] Fake format
d3d      D         d3d_disp.cpp:1202 real_choose_bitmap_format        [   0.17447] Fake format
d3d      D         d3d_disp.cpp:1202 real_choose_bitmap_format        [   0.17448] Fake format
d3d      D         d3d_disp.cpp:1202 real_choose_bitmap_format        [   0.17449] Fake format
d3d      D         d3d_disp.cpp:1202 real_choose_bitmap_format        [   0.17451] Fake format
d3d      D         d3d_disp.cpp:1210 real_choose_bitmap_format        [   0.17452] Alpha doesn't match
d3d      D         d3d_disp.cpp:1217 real_choose_bitmap_format        [   0.17454] Adapter format is 23
d3d      D         d3d_disp.cpp:1220 real_choose_bitmap_format        [   0.17455] Found a format
d3d      I         d3d_disp.cpp:2391 d3d_create_bitmap                [   0.17456] Chose bitmap format 9
dtor     D               dtor.c:196  _al_register_destructor          [   0.17472] added dtor for bitmap 0000000002bef9b0, func 00007ffed0011bea
stdio    D         file_stdio.c:110  file_stdio_fopen                 [   0.17511] opening ./assets/image/tower/Storm_Menu.png rb
stdio    D         file_stdio.c:110  file_stdio_fopen                 [   0.17522] opening ./assets/image/tower/Storm_Menu.png rb
d3d      D         d3d_disp.cpp:1202 real_choose_bitmap_format        [   0.17528] Fake format
d3d      D         d3d_disp.cpp:1202 real_choose_bitmap_format        [   0.17529] Fake format
d3d      D         d3d_disp.cpp:1202 real_choose_bitmap_format        [   0.17530] Fake format
d3d      D         d3d_disp.cpp:1202 real_choose_bitmap_format        [   0.17531] Fake format
d3d      D         d3d_disp.cpp:1202 real_choose_bitmap_format        [   0.17532] Fake format
d3d      D         d3d_disp.cpp:1202 real_choose_bitmap_format        [   0.17533] Fake format
d3d      D         d3d_disp.cpp:1202 real_choose_bitmap_format        [   0.17534] Fake format
d3d      D         d3d_disp.cpp:1202 real_choose_bitmap_format        [   0.17536] Fake format
d3d      D         d3d_disp.cpp:1202 real_choose_bitmap_format        [   0.17537] Fake format
d3d      D         d3d_disp.cpp:1210 real_choose_bitmap_format        [   0.17537] Alpha doesn't match
d3d      D         d3d_disp.cpp:1217 real_choose_bitmap_format        [   0.17539] Adapter format is 23
d3d      D         d3d_disp.cpp:1220 real_choose_bitmap_format        [   0.17540] Found a format
d3d      I         d3d_disp.cpp:2391 d3d_create_bitmap                [   0.17541] Chose bitmap format 9
dtor     D               dtor.c:196  _al_register_destructor          [   0.17552] added dtor for bitmap 0000000002bf0370, func 00007ffed0011bea
stdio    D         file_stdio.c:110  file_stdio_fopen                 [   0.17680] opening ./assets/gif/Hero/dragonite_front.gif rb
d3d      D         d3d_disp.cpp:1202 real_choose_bitmap_format        [   0.17713] Fake format
d3d      D         d3d_disp.cpp:1202 real_choose_bitmap_format        [   0.17715] Fake format
d3d      D         d3d_disp.cpp:1202 real_choose_bitmap_format        [   0.17717] Fake format
d3d      D         d3d_disp.cpp:1202 real_choose_bitmap_format        [   0.17718] Fake format
d3d      D         d3d_disp.cpp:1202 real_choose_bitmap_format        [   0.17719] Fake format
d3d      D         d3d_disp.cpp:1202 real_choose_bitmap_format        [   0.17720] Fake format
d3d      D         d3d_disp.cpp:1202 real_choose_bitmap_format        [   0.17721] Fake format
d3d      D         d3d_disp.cpp:1202 real_choose_bitmap_format        [   0.17722] Fake format
d3d      D         d3d_disp.cpp:1202 real_choose_bitmap_format        [   0.17723] Fake format
d3d      D         d3d_disp.cpp:1210 real_choose_bitmap_format        [   0.17724] Alpha doesn't match
d3d      D         d3d_disp.cpp:1217 real_choose_bitmap_format        [   0.17725] Adapter format is 23
d3d      D         d3d_disp.cpp:1220 real_choose_bitmap_format        [   0.17726] Found a format
d3d      I         d3d_disp.cpp:2391 d3d_create_bitmap                [   0.17727] Chose bitmap format 9
dtor     D               dtor.c:196  _al_register_destructor          [   0.17742] added dtor for bitmap 0000000002bf0870, func 00007ffed0011bea
d3d      D         d3d_disp.cpp:1202 real_choose_bitmap_format        [   0.18602] Fake format
d3d      D         d3d_disp.cpp:1202 real_choose_bitmap_format        [   0.18611] Fake format
d3d      D         d3d_disp.cpp:1202 real_choose_bitmap_format        [   0.18614] Fake format
d3d      D         d3d_disp.cpp:1202 real_choose_bitmap_format        [   0.18616] Fake format
d3d      D         d3d_disp.cpp:1202 real_choose_bitmap_format        [   0.18617] Fake format
d3d      D         d3d_disp.cpp:1202 real_choose_bitmap_format        [   0.18619] Fake format
d3d      D         d3d_disp.cpp:1202 real_choose_bitmap_format        [   0.18622] Fake format
d3d      D         d3d_disp.cpp:1202 real_choose_bitmap_format        [   0.18625] Fake format
d3d      D         d3d_disp.cpp:1202 real_choose_bitmap_format        [   0.18628] Fake format
d3d      D         d3d_disp.cpp:1210 real_choose_bitmap_format        [   0.18630] Alpha doesn't match
d3d      D         d3d_disp.cpp:1217 real_choose_bitmap_format        [   0.18632] Adapter format is 23
d3d      D         d3d_disp.cpp:1220 real_choose_bitmap_format        [   0.18635] Found a format
d3d      I         d3d_disp.cpp:2391 d3d_create_bitmap                [   0.18637] Chose bitmap format 9
dtor     D               dtor.c:196  _al_register_destructor          [   0.18663] added dtor for bitmap 0000000002bf0a20, func 00007ffed0011bea
stdio    D         file_stdio.c:110  file_stdio_fopen                 [   0.18760] opening ./assets/gif/Hero/fireball.gif rb
d3d      D         d3d_disp.cpp:1202 real_choose_bitmap_format        [   0.23901] Fake format
d3d      D         d3d_disp.cpp:1202 real_choose_bitmap_format        [   0.23906] Fake format
d3d      D         d3d_disp.cpp:1202 real_choose_bitmap_format        [   0.23907] Fake format
d3d      D         d3d_disp.cpp:1202 real_choose_bitmap_format        [   0.23908] Fake format
d3d      D         d3d_disp.cpp:1202 real_choose_bitmap_format        [   0.23909] Fake format
d3d      D         d3d_disp.cpp:1202 real_choose_bitmap_format        [   0.23910] Fake format
d3d      D         d3d_disp.cpp:1202 real_choose_bitmap_format        [   0.23911] Fake format
d3d      D         d3d_disp.cpp:1202 real_choose_bitmap_format        [   0.23912] Fake format
d3d      D         d3d_disp.cpp:1202 real_choose_bitmap_format        [   0.23913] Fake format
d3d      D         d3d_disp.cpp:1210 real_choose_bitmap_format        [   0.23914] Alpha doesn't match
d3d      D         d3d_disp.cpp:1217 real_choose_bitmap_format        [   0.23915] Adapter format is 23
d3d      D         d3d_disp.cpp:1220 real_choose_bitmap_format        [   0.23917] Found a format
d3d      I         d3d_disp.cpp:2391 d3d_create_bitmap                [   0.23918] Chose bitmap format 9
dtor     D               dtor.c:196  _al_register_destructor          [   0.23974] added dtor for bitmap 0000000002bf8010, func 00007ffed0011bea
d3d      D         d3d_disp.cpp:1202 real_choose_bitmap_format        [   0.24409] Fake format
d3d      D         d3d_disp.cpp:1202 real_choose_bitmap_format        [   0.24414] Fake format
d3d      D         d3d_disp.cpp:1202 real_choose_bitmap_format        [   0.24415] Fake format
d3d      D         d3d_disp.cpp:1202 real_choose_bitmap_format        [   0.24416] Fake format
d3d      D         d3d_disp.cpp:1202 real_choose_bitmap_format        [   0.24418] Fake format
d3d      D         d3d_disp.cpp:1202 real_choose_bitmap_format        [   0.24419] Fake format
d3d      D         d3d_disp.cpp:1202 real_choose_bitmap_format        [   0.24420] Fake format
d3d      D         d3d_disp.cpp:1202 real_choose_bitmap_format        [   0.24422] Fake format
d3d      D         d3d_disp.cpp:1202 real_choose_bitmap_format        [   0.24423] Fake format
d3d      D         d3d_disp.cpp:1210 real_choose_bitmap_format        [   0.24424] Alpha doesn't match
d3d      D         d3d_disp.cpp:1217 real_choose_bitmap_format        [   0.24426] Adapter format is 23
d3d      D         d3d_disp.cpp:1220 real_choose_bitmap_format        [   0.24427] Found a format
d3d      I         d3d_disp.cpp:2391 d3d_create_bitmap                [   0.24428] Chose bitmap format 9
dtor     D               dtor.c:196  _al_register_destructor          [   0.24494] added dtor for bitmap 000000000a7f07a0, func 00007ffed0011bea
d3d      D         d3d_disp.cpp:1202 real_choose_bitmap_format        [   0.25225] Fake format
d3d      D         d3d_disp.cpp:1202 real_choose_bitmap_format        [   0.25256] Fake format
d3d      D         d3d_disp.cpp:1202 real_choose_bitmap_format        [   0.25259] Fake format
d3d      D         d3d_disp.cpp:1202 real_choose_bitmap_format        [   0.25260] Fake format
d3d      D         d3d_disp.cpp:1202 real_choose_bitmap_format        [   0.25262] Fake format
d3d      D         d3d_disp.cpp:1202 real_choose_bitmap_format        [   0.25264] Fake format
d3d      D         d3d_disp.cpp:1202 real_choose_bitmap_format        [   0.25266] Fake format
d3d      D         d3d_disp.cpp:1202 real_choose_bitmap_format        [   0.25268] Fake format
d3d      D         d3d_disp.cpp:1202 real_choose_bitmap_format        [   0.25270] Fake format
d3d      D         d3d_disp.cpp:1210 real_choose_bitmap_format        [   0.25271] Alpha doesn't match
d3d      D         d3d_disp.cpp:1217 real_choose_bitmap_format        [   0.25273] Adapter format is 23
d3d      D         d3d_disp.cpp:1220 real_choose_bitmap_format        [   0.25275] Found a format
d3d      I         d3d_disp.cpp:2391 d3d_create_bitmap                [   0.25277] Chose bitmap format 9
dtor     D               dtor.c:196  _al_register_destructor          [   0.25333] added dtor for bitmap 0000000002c61030, func 00007ffed0011bea
d3d      D         d3d_disp.cpp:1202 real_choose_bitmap_format        [   0.25843] Fake format
d3d      D         d3d_disp.cpp:1202 real_choose_bitmap_format        [   0.25850] Fake format
d3d      D         d3d_disp.cpp:1202 real_choose_bitmap_format        [   0.25852] Fake format
d3d      D         d3d_disp.cpp:1202 real_choose_bitmap_format        [   0.25854] Fake format
d3d      D         d3d_disp.cpp:1202 real_choose_bitmap_format        [   0.25855] Fake format
d3d      D         d3d_disp.cpp:1202 real_choose_bitmap_format        [   0.25857] Fake format
d3d      D         d3d_disp.cpp:1202 real_choose_bitmap_format        [   0.25859] Fake format
d3d      D         d3d_disp.cpp:1202 real_choose_bitmap_format        [   0.25860] Fake format
d3d      D         d3d_disp.cpp:1202 real_choose_bitmap_format        [   0.25862] Fake format
d3d      D         d3d_disp.cpp:1210 real_choose_bitmap_format        [   0.25863] Alpha doesn't match
d3d      D         d3d_disp.cpp:1217 real_choose_bitmap_format        [   0.25865] Adapter format is 23
d3d      D         d3d_disp.cpp:1220 real_choose_bitmap_format        [   0.25867] Found a format
d3d      I         d3d_disp.cpp:2391 d3d_create_bitmap                [   0.25872] Chose bitmap format 9
dtor     D               dtor.c:196  _al_register_destructor          [   0.25914] added dtor for bitmap 0000000002c611e0, func 00007ffed0011bea
d3d      D         d3d_disp.cpp:1202 real_choose_bitmap_format        [   0.26650] Fake format
d3d      D         d3d_disp.cpp:1202 real_choose_bitmap_format        [   0.26658] Fake format
d3d      D         d3d_disp.cpp:1202 real_choose_bitmap_format        [   0.26661] Fake format
d3d      D         d3d_disp.cpp:1202 real_choose_bitmap_format        [   0.26662] Fake format
d3d      D         d3d_disp.cpp:1202 real_choose_bitmap_format        [   0.26664] Fake format
d3d      D         d3d_disp.cpp:1202 real_choose_bitmap_format        [   0.26666] Fake format
d3d      D         d3d_disp.cpp:1202 real_choose_bitmap_format        [   0.26667] Fake format
d3d      D         d3d_disp.cpp:1202 real_choose_bitmap_format        [   0.26669] Fake format
d3d      D         d3d_disp.cpp:1202 real_choose_bitmap_format        [   0.26671] Fake format
d3d      D         d3d_disp.cpp:1210 real_choose_bitmap_format        [   0.26674] Alpha doesn't match
d3d      D         d3d_disp.cpp:1217 real_choose_bitmap_format        [   0.26676] Adapter format is 23
d3d      D         d3d_disp.cpp:1220 real_choose_bitmap_format        [   0.26678] Found a format
d3d      I         d3d_disp.cpp:2391 d3d_create_bitmap                [   0.26682] Chose bitmap format 9
dtor     D               dtor.c:196  _al_register_destructor          [   0.26812] added dtor for bitmap 0000000002c61a50, func 00007ffed0011bea
d3d      D         d3d_disp.cpp:1202 real_choose_bitmap_format        [   0.27611] Fake format
d3d      D         d3d_disp.cpp:1202 real_choose_bitmap_format        [   0.27623] Fake format
d3d      D         d3d_disp.cpp:1202 real_choose_bitmap_format        [   0.27625] Fake format
d3d      D         d3d_disp.cpp:1202 real_choose_bitmap_format        [   0.27626] Fake format
d3d      D         d3d_disp.cpp:1202 real_choose_bitmap_format        [   0.27628] Fake format
d3d      D         d3d_disp.cpp:1202 real_choose_bitmap_format        [   0.27630] Fake format
d3d      D         d3d_disp.cpp:1202 real_choose_bitmap_format        [   0.27632] Fake format
d3d      D         d3d_disp.cpp:1202 real_choose_bitmap_format        [   0.27633] Fake format
d3d      D         d3d_disp.cpp:1202 real_choose_bitmap_format        [   0.27635] Fake format
d3d      D         d3d_disp.cpp:1210 real_choose_bitmap_format        [   0.27636] Alpha doesn't match
d3d      D         d3d_disp.cpp:1217 real_choose_bitmap_format        [   0.27638] Adapter format is 23
d3d      D         d3d_disp.cpp:1220 real_choose_bitmap_format        [   0.27640] Found a format
d3d      I         d3d_disp.cpp:2391 d3d_create_bitmap                [   0.27642] Chose bitmap format 9
dtor     D               dtor.c:196  _al_register_destructor          [   0.27695] added dtor for bitmap 0000000002c61390, func 00007ffed0011bea
d3d      D         d3d_disp.cpp:1202 real_choose_bitmap_format        [   0.28187] Fake format
d3d      D         d3d_disp.cpp:1202 real_choose_bitmap_format        [   0.28193] Fake format
d3d      D         d3d_disp.cpp:1202 real_choose_bitmap_format        [   0.28195] Fake format
d3d      D         d3d_disp.cpp:1202 real_choose_bitmap_format        [   0.28196] Fake format
d3d      D         d3d_disp.cpp:1202 real_choose_bitmap_format        [   0.28197] Fake format
d3d      D         d3d_disp.cpp:1202 real_choose_bitmap_format        [   0.28198] Fake format
d3d      D         d3d_disp.cpp:1202 real_choose_bitmap_format        [   0.28199] Fake format
d3d      D         d3d_disp.cpp:1202 real_choose_bitmap_format        [   0.28200] Fake format
d3d      D         d3d_disp.cpp:1202 real_choose_bitmap_format        [   0.28201] Fake format
d3d      D         d3d_disp.cpp:1210 real_choose_bitmap_format        [   0.28202] Alpha doesn't match
d3d      D         d3d_disp.cpp:1217 real_choose_bitmap_format        [   0.28203] Adapter format is 23
d3d      D         d3d_disp.cpp:1220 real_choose_bitmap_format        [   0.28205] Found a format
d3d      I         d3d_disp.cpp:2391 d3d_create_bitmap                [   0.28206] Chose bitmap format 9
dtor     D               dtor.c:196  _al_register_destructor          [   0.28253] added dtor for bitmap 0000000002c618a0, func 00007ffed0011bea
d3d      D         d3d_disp.cpp:1202 real_choose_bitmap_format        [   0.28730] Fake format
d3d      D         d3d_disp.cpp:1202 real_choose_bitmap_format        [   0.28735] Fake format
d3d      D         d3d_disp.cpp:1202 real_choose_bitmap_format        [   0.28736] Fake format
d3d      D         d3d_disp.cpp:1202 real_choose_bitmap_format        [   0.28738] Fake format
d3d      D         d3d_disp.cpp:1202 real_choose_bitmap_format        [   0.28739] Fake format
d3d      D         d3d_disp.cpp:1202 real_choose_bitmap_format        [   0.28740] Fake format
d3d      D         d3d_disp.cpp:1202 real_choose_bitmap_format        [   0.28741] Fake format
d3d      D         d3d_disp.cpp:1202 real_choose_bitmap_format        [   0.28742] Fake format
d3d      D         d3d_disp.cpp:1202 real_choose_bitmap_format        [   0.28743] Fake format
d3d      D         d3d_disp.cpp:1210 real_choose_bitmap_format        [   0.28744] Alpha doesn't match
d3d      D         d3d_disp.cpp:1217 real_choose_bitmap_format        [   0.28746] Adapter format is 23
d3d      D         d3d_disp.cpp:1220 real_choose_bitmap_format        [   0.28748] Found a format
d3d      I         d3d_disp.cpp:2391 d3d_create_bitmap                [   0.28749] Chose bitmap format 9
dtor     D               dtor.c:196  _al_register_destructor          [   0.28808] added dtor for bitmap 0000000002c61540, func 00007ffed0011bea
d3d      D         d3d_disp.cpp:1202 real_choose_bitmap_format        [   0.29026] Fake format
d3d      D         d3d_disp.cpp:1202 real_choose_bitmap_format        [   0.29033] Fake format
d3d      D         d3d_disp.cpp:1202 real_choose_bitmap_format        [   0.29034] Fake format
d3d      D         d3d_disp.cpp:1202 real_choose_bitmap_format        [   0.29035] Fake format
d3d      D         d3d_disp.cpp:1202 real_choose_bitmap_format        [   0.29036] Fake format
d3d      D         d3d_disp.cpp:1202 real_choose_bitmap_format        [   0.29038] Fake format
d3d      D         d3d_disp.cpp:1202 real_choose_bitmap_format        [   0.29039] Fake format
d3d      D         d3d_disp.cpp:1202 real_choose_bitmap_format        [   0.29040] Fake format
d3d      D         d3d_disp.cpp:1202 real_choose_bitmap_format        [   0.29041] Fake format
d3d      D         d3d_disp.cpp:1210 real_choose_bitmap_format        [   0.29042] Alpha doesn't match
d3d      D         d3d_disp.cpp:1217 real_choose_bitmap_format        [   0.29043] Adapter format is 23
d3d      D         d3d_disp.cpp:1220 real_choose_bitmap_format        [   0.29045] Found a format
d3d      I         d3d_disp.cpp:2391 d3d_create_bitmap                [   0.29046] Chose bitmap format 9
dtor     D               dtor.c:196  _al_register_destructor          [   0.29104] added dtor for bitmap 0000000002c61c00, func 00007ffed0011bea
d3d      D         d3d_disp.cpp:1202 real_choose_bitmap_format        [   0.29407] Fake format
d3d      D         d3d_disp.cpp:1202 real_choose_bitmap_format        [   0.29413] Fake format
d3d      D         d3d_disp.cpp:1202 real_choose_bitmap_format        [   0.29414] Fake format
d3d      D         d3d_disp.cpp:1202 real_choose_bitmap_format        [   0.29415] Fake format
d3d      D         d3d_disp.cpp:1202 real_choose_bitmap_format        [   0.29416] Fake format
d3d      D         d3d_disp.cpp:1202 real_choose_bitmap_format        [   0.29417] Fake format
d3d      D         d3d_disp.cpp:1202 real_choose_bitmap_format        [   0.29419] Fake format
d3d      D         d3d_disp.cpp:1202 real_choose_bitmap_format        [   0.29420] Fake format
d3d      D         d3d_disp.cpp:1202 real_choose_bitmap_format        [   0.29423] Fake format
d3d      D         d3d_disp.cpp:1210 real_choose_bitmap_format        [   0.29424] Alpha doesn't match
d3d      D         d3d_disp.cpp:1217 real_choose_bitmap_format        [   0.29426] Adapter format is 23
d3d      D         d3d_disp.cpp:1220 real_choose_bitmap_format        [   0.29428] Found a format
d3d      I         d3d_disp.cpp:2391 d3d_create_bitmap                [   0.29429] Chose bitmap format 9
dtor     D               dtor.c:196  _al_register_destructor          [   0.29481] added dtor for bitmap 0000000002c61db0, func 00007ffed0011bea
d3d      D         d3d_disp.cpp:1202 real_choose_bitmap_format        [   0.29859] Fake format
d3d      D         d3d_disp.cpp:1202 real_choose_bitmap_format        [   0.29871] Fake format
d3d      D         d3d_disp.cpp:1202 real_choose_bitmap_format        [   0.29875] Fake format
d3d      D         d3d_disp.cpp:1202 real_choose_bitmap_format        [   0.29876] Fake format
d3d      D         d3d_disp.cpp:1202 real_choose_bitmap_format        [   0.29877] Fake format
d3d      D         d3d_disp.cpp:1202 real_choose_bitmap_format        [   0.29880] Fake format
d3d      D         d3d_disp.cpp:1202 real_choose_bitmap_format        [   0.29883] Fake format
d3d      D         d3d_disp.cpp:1202 real_choose_bitmap_format        [   0.29884] Fake format
d3d      D         d3d_disp.cpp:1202 real_choose_bitmap_format        [   0.29886] Fake format
d3d      D         d3d_disp.cpp:1210 real_choose_bitmap_format        [   0.29889] Alpha doesn't match
d3d      D         d3d_disp.cpp:1217 real_choose_bitmap_format        [   0.29891] Adapter format is 23
d3d      D         d3d_disp.cpp:1220 real_choose_bitmap_format        [   0.29893] Found a format
d3d      I         d3d_disp.cpp:2391 d3d_create_bitmap                [   0.29895] Chose bitmap format 9
dtor     D               dtor.c:196  _al_register_destructor          [   0.29992] added dtor for bitmap 0000000002c616f0, func 00007ffed0011bea
d3d      D         d3d_disp.cpp:1202 real_choose_bitmap_format        [   0.30281] Fake format
d3d      D         d3d_disp.cpp:1202 real_choose_bitmap_format        [   0.30300] Fake format
d3d      D         d3d_disp.cpp:1202 real_choose_bitmap_format        [   0.30301] Fake format
d3d      D         d3d_disp.cpp:1202 real_choose_bitmap_format        [   0.30302] Fake format
d3d      D         d3d_disp.cpp:1202 real_choose_bitmap_format        [   0.30303] Fake format
d3d      D         d3d_disp.cpp:1202 real_choose_bitmap_format        [   0.30305] Fake format
d3d      D         d3d_disp.cpp:1202 real_choose_bitmap_format        [   0.30306] Fake format
d3d      D         d3d_disp.cpp:1202 real_choose_bitmap_format        [   0.30308] Fake format
d3d      D         d3d_disp.cpp:1202 real_choose_bitmap_format        [   0.30310] Fake format
d3d      D         d3d_disp.cpp:1210 real_choose_bitmap_format        [   0.30311] Alpha doesn't match
d3d      D         d3d_disp.cpp:1217 real_choose_bitmap_format        [   0.30312] Adapter format is 23
d3d      D         d3d_disp.cpp:1220 real_choose_bitmap_format        [   0.30314] Found a format
d3d      I         d3d_disp.cpp:2391 d3d_create_bitmap                [   0.30315] Chose bitmap format 9
dtor     D               dtor.c:196  _al_register_destructor          [   0.30360] added dtor for bitmap 000000000a6ec060, func 00007ffed0011bea
d3d      D         d3d_disp.cpp:1202 real_choose_bitmap_format        [   0.30639] Fake format
d3d      D         d3d_disp.cpp:1202 real_choose_bitmap_format        [   0.30644] Fake format
d3d      D         d3d_disp.cpp:1202 real_choose_bitmap_format        [   0.30645] Fake format
d3d      D         d3d_disp.cpp:1202 real_choose_bitmap_format        [   0.30646] Fake format
d3d      D         d3d_disp.cpp:1202 real_choose_bitmap_format        [   0.30647] Fake format
d3d      D         d3d_disp.cpp:1202 real_choose_bitmap_format        [   0.30648] Fake format
d3d      D         d3d_disp.cpp:1202 real_choose_bitmap_format        [   0.30649] Fake format
d3d      D         d3d_disp.cpp:1202 real_choose_bitmap_format        [   0.30650] Fake format
d3d      D         d3d_disp.cpp:1202 real_choose_bitmap_format        [   0.30651] Fake format
d3d      D         d3d_disp.cpp:1210 real_choose_bitmap_format        [   0.30652] Alpha doesn't match
d3d      D         d3d_disp.cpp:1217 real_choose_bitmap_format        [   0.30653] Adapter format is 23
d3d      D         d3d_disp.cpp:1220 real_choose_bitmap_format        [   0.30655] Found a format
d3d      I         d3d_disp.cpp:2391 d3d_create_bitmap                [   0.30656] Chose bitmap format 9
dtor     D               dtor.c:196  _al_register_destructor          [   0.30714] added dtor for bitmap 000000000a6eb2e0, func 00007ffed0011bea
